<?xml version="1.0" encoding="UTF-8"?>
<!-- Generated by org.testng.reporters.JUnitReportReporter -->
<testsuite hostname="DESKTOP-SDBG9IR" failures="0" tests="1" name="testBase.TC001_AccountRegistrationTest" time="3.570" errors="0" timestamp="2025-04-25T16:05:39 IST" skipped="0">
  <testcase classname="testBase.TC001_AccountRegistrationTest" name="Varify_Account_Registration" time="3.570"/>
</testsuite> <!-- testBase.TC001_AccountRegistrationTest -->
