<?xml version="1.0" encoding="UTF-8"?>
<!-- Generated by org.testng.reporters.JUnitReportReporter -->
<testsuite hostname="DESKTOP-SDBG9IR" failures="0" tests="1" name="testCase.TC001_AccountRegistrationTest" time="3.887" errors="0" timestamp="2025-04-26T20:32:35 IST" skipped="0">
  <testcase classname="testCase.TC001_AccountRegistrationTest" name="Varify_Account_Registration" time="3.887"/>
</testsuite> <!-- testCase.TC001_AccountRegistrationTest -->
