<?xml version="1.0" encoding="UTF-8"?>
<!-- Generated by org.testng.reporters.JUnitReportReporter -->
<testsuite hostname="DESKTOP-SDBG9IR" failures="0" tests="3" name="testCases.TC002_LoginTest" time="7.099" errors="0" timestamp="2025-04-29T12:50:30 IST" skipped="0">
  <testcase classname="testCases.TC002_LoginTest" name="verify_login" time="2.416"/>
  <testcase classname="testCases.TC002_LoginTest" name="verify_login" time="2.110"/>
  <testcase classname="testCases.TC002_LoginTest" name="verify_login" time="2.573"/>
</testsuite> <!-- testCases.TC002_LoginTest -->
