<?xml version="1.0" encoding="UTF-8"?>
<!-- Generated by org.testng.reporters.JUnitReportReporter -->
<testsuite hostname="DESKTOP-SDBG9IR" failures="0" tests="1" name="testCase.TC002_LoginTest" time="7.335" errors="0" timestamp="2025-04-27T11:10:16 IST" skipped="0">
  <testcase classname="testCase.TC002_LoginTest" name="Validate_LoginTest" time="7.335"/>
</testsuite> <!-- testCase.TC002_LoginTest -->
