<?xml version="1.0" encoding="UTF-8"?>
<!-- Generated by org.testng.reporters.JUnitReportReporter -->
<testsuite hostname="DESKTOP-SDBG9IR" failures="0" tests="1" name="testCases.TC001_AccountRegistrationTest" time="4.332" errors="0" timestamp="2025-04-29T15:48:15 IST" skipped="0">
  <testcase classname="testCases.TC001_AccountRegistrationTest" name="verify_account_registration" time="4.332"/>
</testsuite> <!-- testCases.TC001_AccountRegistrationTest -->
